<?xml version="1.0" encoding="UTF-8"?>
<testsuite name="lab2.calculator.operators.DefineTest" tests="1" skipped="0" failures="0" errors="0" timestamp="2020-04-09T07:14:18" hostname="DESKTOP-HUMFO19" time="0.488">
  <properties/>
  <testcase name="execute" classname="lab2.calculator.operators.DefineTest" time="0.488"/>
  <system-out><![CDATA[]]></system-out>
  <system-err><![CDATA[]]></system-err>
</testsuite>
