<?xml version="1.0" encoding="UTF-8"?>
<testsuite name="lab2.calculator.operators.SqrtTest" tests="1" skipped="0" failures="0" errors="0" timestamp="2020-04-09T07:14:19" hostname="DESKTOP-HUMFO19" time="0.01">
  <properties/>
  <testcase name="execute" classname="lab2.calculator.operators.SqrtTest" time="0.01"/>
  <system-out><![CDATA[]]></system-out>
  <system-err><![CDATA[]]></system-err>
</testsuite>
